main
nginx.c:209
--->
    ngx_strerror_init
    ngx_errno.c:47

    ngx_strerror_init
    ngx_errno.c:47
<---
main
nginx.c:209

main
nginx.c:213
--->
    ngx_get_options
    nginx.c:666

    ngx_get_options
    nginx.c:666
<---
main
nginx.c:213

main
nginx.c:271
--->
    ngx_time_init
    ngx_times.c:61

ngx_time_init
ngx_times.c:69
--->
    ngx_time_update
    ngx_times.c:75

ngx_time_update
ngx_times.c:116
--->
    ngx_gmtime
    ngx_times.c:280

    ngx_gmtime
    ngx_times.c:280
<---
ngx_time_update
ngx_times.c:116

ngx_time_update
ngx_times.c:130
--->
    ngx_sprintf
    ngx_string.c:104

ngx_sprintf
ngx_string.c:109
--->
    ngx_vslprintf
    ngx_string.c:146

ngx_vslprintf
ngx_string.c:458 (discriminator 1)
--->
    ngx_sprintf_num
    ngx_string.c:474

    ngx_sprintf_num
    ngx_string.c:474
<---
ngx_vslprintf
ngx_string.c:458 (discriminator 1)

ngx_vslprintf
ngx_string.c:458 (discriminator 1)
--->
    ngx_sprintf_num
    ngx_string.c:474

    ngx_sprintf_num
    ngx_string.c:474
<---
ngx_vslprintf
ngx_string.c:458 (discriminator 1)

ngx_vslprintf
ngx_string.c:458 (discriminator 1)
--->
    ngx_sprintf_num
    ngx_string.c:474

    ngx_sprintf_num
    ngx_string.c:474
<---
ngx_vslprintf
ngx_string.c:458 (discriminator 1)

ngx_vslprintf
ngx_string.c:458 (discriminator 1)
--->
    ngx_sprintf_num
    ngx_string.c:474

    ngx_sprintf_num
    ngx_string.c:474
<---
ngx_vslprintf
ngx_string.c:458 (discriminator 1)

ngx_vslprintf
ngx_string.c:458 (discriminator 1)
--->
    ngx_sprintf_num
    ngx_string.c:474

    ngx_sprintf_num
    ngx_string.c:474
<---
ngx_vslprintf
ngx_string.c:458 (discriminator 1)

    ngx_vslprintf
    ngx_string.c:146
<---
ngx_sprintf
ngx_string.c:109

    ngx_sprintf
    ngx_string.c:104
<---
ngx_time_update
ngx_times.c:130

ngx_time_update
ngx_times.c:131
--->
    ngx_localtime
    ngx_time.c:58

    ngx_localtime
    ngx_time.c:58
<---
ngx_time_update
ngx_times.c:131

ngx_time_update
ngx_times.c:151
--->
    ngx_sprintf
    ngx_string.c:104

ngx_sprintf
ngx_string.c:109
--->
    ngx_vslprintf
    ngx_string.c:146

ngx_vslprintf
ngx_string.c:458 (discriminator 1)
--->
    ngx_sprintf_num
    ngx_string.c:474

    ngx_sprintf_num
    ngx_string.c:474
<---
ngx_vslprintf
ngx_string.c:458 (discriminator 1)

ngx_vslprintf
ngx_string.c:458 (discriminator 1)
--->
    ngx_sprintf_num
    ngx_string.c:474

    ngx_sprintf_num
    ngx_string.c:474
<---
ngx_vslprintf
ngx_string.c:458 (discriminator 1)

ngx_vslprintf
ngx_string.c:458 (discriminator 1)
--->
    ngx_sprintf_num
    ngx_string.c:474

    ngx_sprintf_num
    ngx_string.c:474
<---
ngx_vslprintf
ngx_string.c:458 (discriminator 1)

ngx_vslprintf
ngx_string.c:458 (discriminator 1)
--->
    ngx_sprintf_num
    ngx_string.c:474

    ngx_sprintf_num
    ngx_string.c:474
<---
ngx_vslprintf
ngx_string.c:458 (discriminator 1)

ngx_vslprintf
ngx_string.c:458 (discriminator 1)
--->
    ngx_sprintf_num
    ngx_string.c:474

    ngx_sprintf_num
    ngx_string.c:474
<---
ngx_vslprintf
ngx_string.c:458 (discriminator 1)

ngx_vslprintf
ngx_string.c:458 (discriminator 1)
--->
    ngx_sprintf_num
    ngx_string.c:474

    ngx_sprintf_num
    ngx_string.c:474
<---
ngx_vslprintf
ngx_string.c:458 (discriminator 1)

    ngx_vslprintf
    ngx_string.c:146
<---
ngx_sprintf
ngx_string.c:109

    ngx_sprintf
    ngx_string.c:104
<---
ngx_time_update
ngx_times.c:151

ngx_time_update
ngx_times.c:160 (discriminator 5)
--->
    ngx_sprintf
    ngx_string.c:104

ngx_sprintf
ngx_string.c:109
--->
    ngx_vslprintf
    ngx_string.c:146

ngx_vslprintf
ngx_string.c:458 (discriminator 1)
--->
    ngx_sprintf_num
    ngx_string.c:474

    ngx_sprintf_num
    ngx_string.c:474
<---
ngx_vslprintf
ngx_string.c:458 (discriminator 1)

ngx_vslprintf
ngx_string.c:458 (discriminator 1)
--->
    ngx_sprintf_num
    ngx_string.c:474

    ngx_sprintf_num
    ngx_string.c:474
<---
ngx_vslprintf
ngx_string.c:458 (discriminator 1)

ngx_vslprintf
ngx_string.c:458 (discriminator 1)
--->
    ngx_sprintf_num
    ngx_string.c:474

    ngx_sprintf_num
    ngx_string.c:474
<---
ngx_vslprintf
ngx_string.c:458 (discriminator 1)

ngx_vslprintf
ngx_string.c:458 (discriminator 1)
--->
    ngx_sprintf_num
    ngx_string.c:474

    ngx_sprintf_num
    ngx_string.c:474
<---
ngx_vslprintf
ngx_string.c:458 (discriminator 1)

ngx_vslprintf
ngx_string.c:458 (discriminator 1)
--->
    ngx_sprintf_num
    ngx_string.c:474

    ngx_sprintf_num
    ngx_string.c:474
<---
ngx_vslprintf
ngx_string.c:458 (discriminator 1)

ngx_vslprintf
ngx_string.c:458 (discriminator 1)
--->
    ngx_sprintf_num
    ngx_string.c:474

    ngx_sprintf_num
    ngx_string.c:474
<---
ngx_vslprintf
ngx_string.c:458 (discriminator 1)

ngx_vslprintf
ngx_string.c:458 (discriminator 1)
--->
    ngx_sprintf_num
    ngx_string.c:474

    ngx_sprintf_num
    ngx_string.c:474
<---
ngx_vslprintf
ngx_string.c:458 (discriminator 1)

    ngx_vslprintf
    ngx_string.c:146
<---
ngx_sprintf
ngx_string.c:109

    ngx_sprintf
    ngx_string.c:104
<---
ngx_time_update
ngx_times.c:160 (discriminator 5)

ngx_time_update
ngx_times.c:170 (discriminator 1)
--->
    ngx_sprintf
    ngx_string.c:104

ngx_sprintf
ngx_string.c:109
--->
    ngx_vslprintf
    ngx_string.c:146

ngx_vslprintf
ngx_string.c:458 (discriminator 1)
--->
    ngx_sprintf_num
    ngx_string.c:474

    ngx_sprintf_num
    ngx_string.c:474
<---
ngx_vslprintf
ngx_string.c:458 (discriminator 1)

ngx_vslprintf
ngx_string.c:458 (discriminator 1)
--->
    ngx_sprintf_num
    ngx_string.c:474

    ngx_sprintf_num
    ngx_string.c:474
<---
ngx_vslprintf
ngx_string.c:458 (discriminator 1)

ngx_vslprintf
ngx_string.c:458 (discriminator 1)
--->
    ngx_sprintf_num
    ngx_string.c:474

    ngx_sprintf_num
    ngx_string.c:474
<---
ngx_vslprintf
ngx_string.c:458 (discriminator 1)

ngx_vslprintf
ngx_string.c:458 (discriminator 1)
--->
    ngx_sprintf_num
    ngx_string.c:474

    ngx_sprintf_num
    ngx_string.c:474
<---
ngx_vslprintf
ngx_string.c:458 (discriminator 1)

ngx_vslprintf
ngx_string.c:458 (discriminator 1)
--->
    ngx_sprintf_num
    ngx_string.c:474

    ngx_sprintf_num
    ngx_string.c:474
<---
ngx_vslprintf
ngx_string.c:458 (discriminator 1)

ngx_vslprintf
ngx_string.c:458 (discriminator 1)
--->
    ngx_sprintf_num
    ngx_string.c:474

    ngx_sprintf_num
    ngx_string.c:474
<---
ngx_vslprintf
ngx_string.c:458 (discriminator 1)

ngx_vslprintf
ngx_string.c:458 (discriminator 1)
--->
    ngx_sprintf_num
    ngx_string.c:474

    ngx_sprintf_num
    ngx_string.c:474
<---
ngx_vslprintf
ngx_string.c:458 (discriminator 1)

ngx_vslprintf
ngx_string.c:458 (discriminator 1)
--->
    ngx_sprintf_num
    ngx_string.c:474

    ngx_sprintf_num
    ngx_string.c:474
<---
ngx_vslprintf
ngx_string.c:458 (discriminator 1)

    ngx_vslprintf
    ngx_string.c:146
<---
ngx_sprintf
ngx_string.c:109

    ngx_sprintf
    ngx_string.c:104
<---
ngx_time_update
ngx_times.c:170 (discriminator 1)

    ngx_time_update
    ngx_times.c:75
<---
ngx_time_init
ngx_times.c:69

    ngx_time_init
    ngx_times.c:61
<---
main
nginx.c:271

main
nginx.c:209
--->
    ngx_strerror_init
    ngx_errno.c:47

    ngx_strerror_init
    ngx_errno.c:47
<---
main
nginx.c:209

main
nginx.c:213
--->
    ngx_get_options
    nginx.c:666

    ngx_get_options
    nginx.c:666
<---
main
nginx.c:213

main
nginx.c:271
--->
    ngx_time_init
    ngx_times.c:61

ngx_time_init
ngx_times.c:69
--->
    ngx_time_update
    ngx_times.c:75

ngx_time_update
ngx_times.c:116
--->
    ngx_gmtime
    ngx_times.c:280

    ngx_gmtime
    ngx_times.c:280
<---
ngx_time_update
ngx_times.c:116

ngx_time_update
ngx_times.c:130
--->
    ngx_sprintf
    ngx_string.c:104

ngx_sprintf
ngx_string.c:109
--->
    ngx_vslprintf
    ngx_string.c:146

ngx_vslprintf
ngx_string.c:458 (discriminator 1)
--->
    ngx_sprintf_num
    ngx_string.c:474

    ngx_sprintf_num
    ngx_string.c:474
<---
ngx_vslprintf
ngx_string.c:458 (discriminator 1)

ngx_vslprintf
ngx_string.c:458 (discriminator 1)
--->
    ngx_sprintf_num
    ngx_string.c:474

    ngx_sprintf_num
    ngx_string.c:474
<---
ngx_vslprintf
ngx_string.c:458 (discriminator 1)

ngx_vslprintf
ngx_string.c:458 (discriminator 1)
--->
    ngx_sprintf_num
    ngx_string.c:474

    ngx_sprintf_num
    ngx_string.c:474
<---
ngx_vslprintf
ngx_string.c:458 (discriminator 1)

ngx_vslprintf
ngx_string.c:458 (discriminator 1)
--->
    ngx_sprintf_num
    ngx_string.c:474

    ngx_sprintf_num
    ngx_string.c:474
<---
ngx_vslprintf
ngx_string.c:458 (discriminator 1)

ngx_vslprintf
ngx_string.c:458 (discriminator 1)
--->
    ngx_sprintf_num
    ngx_string.c:474

    ngx_sprintf_num
    ngx_string.c:474
<---
ngx_vslprintf
ngx_string.c:458 (discriminator 1)

    ngx_vslprintf
    ngx_string.c:146
<---
ngx_sprintf
ngx_string.c:109

    ngx_sprintf
    ngx_string.c:104
<---
ngx_time_update
ngx_times.c:130

ngx_time_update
ngx_times.c:131
--->
    ngx_localtime
    ngx_time.c:58

    ngx_localtime
    ngx_time.c:58
<---
ngx_time_update
ngx_times.c:131

ngx_time_update
ngx_times.c:151
--->
    ngx_sprintf
    ngx_string.c:104

ngx_sprintf
ngx_string.c:109
--->
    ngx_vslprintf
    ngx_string.c:146

ngx_vslprintf
ngx_string.c:458 (discriminator 1)
--->
    ngx_sprintf_num
    ngx_string.c:474

    ngx_sprintf_num
    ngx_string.c:474
<---
ngx_vslprintf
ngx_string.c:458 (discriminator 1)

ngx_vslprintf
ngx_string.c:458 (discriminator 1)
--->
    ngx_sprintf_num
    ngx_string.c:474

    ngx_sprintf_num
    ngx_string.c:474
<---
ngx_vslprintf
ngx_string.c:458 (discriminator 1)

ngx_vslprintf
ngx_string.c:458 (discriminator 1)
--->
    ngx_sprintf_num
    ngx_string.c:474

    ngx_sprintf_num
    ngx_string.c:474
<---
ngx_vslprintf
ngx_string.c:458 (discriminator 1)

ngx_vslprintf
ngx_string.c:458 (discriminator 1)
--->
    ngx_sprintf_num
    ngx_string.c:474

    ngx_sprintf_num
    ngx_string.c:474
<---
ngx_vslprintf
ngx_string.c:458 (discriminator 1)

ngx_vslprintf
ngx_string.c:458 (discriminator 1)
--->
    ngx_sprintf_num
    ngx_string.c:474

    ngx_sprintf_num
    ngx_string.c:474
<---
ngx_vslprintf
ngx_string.c:458 (discriminator 1)

ngx_vslprintf
ngx_string.c:458 (discriminator 1)
--->
    ngx_sprintf_num
    ngx_string.c:474

    ngx_sprintf_num
    ngx_string.c:474
<---
ngx_vslprintf
ngx_string.c:458 (discriminator 1)

    ngx_vslprintf
    ngx_string.c:146
<---
ngx_sprintf
ngx_string.c:109

    ngx_sprintf
    ngx_string.c:104
<---
ngx_time_update
ngx_times.c:151

ngx_time_update
ngx_times.c:160 (discriminator 5)
--->
    ngx_sprintf
    ngx_string.c:104

ngx_sprintf
ngx_string.c:109
--->
    ngx_vslprintf
    ngx_string.c:146

ngx_vslprintf
ngx_string.c:458 (discriminator 1)
--->
    ngx_sprintf_num
    ngx_string.c:474

    ngx_sprintf_num
    ngx_string.c:474
<---
ngx_vslprintf
ngx_string.c:458 (discriminator 1)

ngx_vslprintf
ngx_string.c:458 (discriminator 1)
--->
    ngx_sprintf_num
    ngx_string.c:474

    ngx_sprintf_num
    ngx_string.c:474
<---
ngx_vslprintf
ngx_string.c:458 (discriminator 1)

ngx_vslprintf
ngx_string.c:458 (discriminator 1)
--->
    ngx_sprintf_num
    ngx_string.c:474

    ngx_sprintf_num
    ngx_string.c:474
<---
ngx_vslprintf
ngx_string.c:458 (discriminator 1)

ngx_vslprintf
ngx_string.c:458 (discriminator 1)
--->
    ngx_sprintf_num
    ngx_string.c:474

    ngx_sprintf_num
    ngx_string.c:474
<---
ngx_vslprintf
ngx_string.c:458 (discriminator 1)

ngx_vslprintf
ngx_string.c:458 (discriminator 1)
--->
    ngx_sprintf_num
    ngx_string.c:474

    ngx_sprintf_num
    ngx_string.c:474
<---
ngx_vslprintf
ngx_string.c:458 (discriminator 1)

ngx_vslprintf
ngx_string.c:458 (discriminator 1)
--->
    ngx_sprintf_num
    ngx_string.c:474

    ngx_sprintf_num
    ngx_string.c:474
<---
ngx_vslprintf
ngx_string.c:458 (discriminator 1)

ngx_vslprintf
ngx_string.c:458 (discriminator 1)
--->
    ngx_sprintf_num
    ngx_string.c:474

    ngx_sprintf_num
    ngx_string.c:474
<---
ngx_vslprintf
ngx_string.c:458 (discriminator 1)

    ngx_vslprintf
    ngx_string.c:146
<---
ngx_sprintf
ngx_string.c:109

    ngx_sprintf
    ngx_string.c:104
<---
ngx_time_update
ngx_times.c:160 (discriminator 5)

ngx_time_update
ngx_times.c:170 (discriminator 1)
--->
    ngx_sprintf
    ngx_string.c:104

ngx_sprintf
ngx_string.c:109
--->
    ngx_vslprintf
    ngx_string.c:146

ngx_vslprintf
ngx_string.c:458 (discriminator 1)
--->
    ngx_sprintf_num
    ngx_string.c:474

    ngx_sprintf_num
    ngx_string.c:474
<---
ngx_vslprintf
ngx_string.c:458 (discriminator 1)

ngx_vslprintf
ngx_string.c:458 (discriminator 1)
--->
    ngx_sprintf_num
    ngx_string.c:474

    ngx_sprintf_num
    ngx_string.c:474
<---
ngx_vslprintf
ngx_string.c:458 (discriminator 1)

ngx_vslprintf
ngx_string.c:458 (discriminator 1)
--->
    ngx_sprintf_num
    ngx_string.c:474

    ngx_sprintf_num
    ngx_string.c:474
<---
ngx_vslprintf
ngx_string.c:458 (discriminator 1)

ngx_vslprintf
ngx_string.c:458 (discriminator 1)
--->
    ngx_sprintf_num
    ngx_string.c:474

    ngx_sprintf_num
    ngx_string.c:474
<---
ngx_vslprintf
ngx_string.c:458 (discriminator 1)

ngx_vslprintf
ngx_string.c:458 (discriminator 1)
--->
    ngx_sprintf_num
    ngx_string.c:474

    ngx_sprintf_num
    ngx_string.c:474
<---
ngx_vslprintf
ngx_string.c:458 (discriminator 1)

ngx_vslprintf
ngx_string.c:458 (discriminator 1)
--->
    ngx_sprintf_num
    ngx_string.c:474

    ngx_sprintf_num
    ngx_string.c:474
<---
ngx_vslprintf
ngx_string.c:458 (discriminator 1)

ngx_vslprintf
ngx_string.c:458 (discriminator 1)
--->
    ngx_sprintf_num
    ngx_string.c:474

    ngx_sprintf_num
    ngx_string.c:474
<---
ngx_vslprintf
ngx_string.c:458 (discriminator 1)

ngx_vslprintf
ngx_string.c:458 (discriminator 1)
--->
    ngx_sprintf_num
    ngx_string.c:474

    ngx_sprintf_num
    ngx_string.c:474
<---
ngx_vslprintf
ngx_string.c:458 (discriminator 1)

    ngx_vslprintf
    ngx_string.c:146
<---
ngx_sprintf
ngx_string.c:109

    ngx_sprintf
    ngx_string.c:104
<---
ngx_time_update
ngx_times.c:170 (discriminator 1)

    ngx_time_update
    ngx_times.c:75
<---
ngx_time_init
ngx_times.c:69

    ngx_time_init
    ngx_times.c:61
<---
main
nginx.c:271

