Determining if the pthread_create exist failed with the following output:
Change Dir: /home/shihyu/GitBook/Library/Import/note/design_pattern/src/大話設計模式/design-patterns-cpp/build/CMakeFiles/CMakeTmp

Run Build Command:"/usr/bin/make" "cmTC_5c2e7/fast"
/usr/bin/make -f CMakeFiles/cmTC_5c2e7.dir/build.make CMakeFiles/cmTC_5c2e7.dir/build
make[1]: Entering directory '/home/shihyu/GitBook/Library/Import/note/design_pattern/src/大話設計模式/design-patterns-cpp/build/CMakeFiles/CMakeTmp'
Building C object CMakeFiles/cmTC_5c2e7.dir/CheckSymbolExists.c.o
/usr/bin/cc    -o CMakeFiles/cmTC_5c2e7.dir/CheckSymbolExists.c.o   -c /home/shihyu/GitBook/Library/Import/note/design_pattern/src/大話設計模式/design-patterns-cpp/build/CMakeFiles/CMakeTmp/CheckSymbolExists.c
Linking C executable cmTC_5c2e7
/home/shihyu/anaconda3/lib/python3.6/site-packages/cmake/data/bin/cmake -E cmake_link_script CMakeFiles/cmTC_5c2e7.dir/link.txt --verbose=1
/usr/bin/cc      -rdynamic CMakeFiles/cmTC_5c2e7.dir/CheckSymbolExists.c.o  -o cmTC_5c2e7 
CMakeFiles/cmTC_5c2e7.dir/CheckSymbolExists.c.o: 於函式 main:
CheckSymbolExists.c:(.text+0x1b): 未定義參考到 pthread_create
collect2: error: ld returned 1 exit status
CMakeFiles/cmTC_5c2e7.dir/build.make:86: recipe for target 'cmTC_5c2e7' failed
make[1]: *** [cmTC_5c2e7] Error 1
make[1]: Leaving directory '/home/shihyu/GitBook/Library/Import/note/design_pattern/src/大話設計模式/design-patterns-cpp/build/CMakeFiles/CMakeTmp'
Makefile:126: recipe for target 'cmTC_5c2e7/fast' failed
make: *** [cmTC_5c2e7/fast] Error 2

File /home/shihyu/GitBook/Library/Import/note/design_pattern/src/大話設計模式/design-patterns-cpp/build/CMakeFiles/CMakeTmp/CheckSymbolExists.c:
/* */
#include <pthread.h>

int main(int argc, char** argv)
{
  (void)argv;
#ifndef pthread_create
  return ((int*)(&pthread_create))[argc];
#else
  (void)argc;
  return 0;
#endif
}

Determining if the function pthread_create exists in the pthreads failed with the following output:
Change Dir: /home/shihyu/GitBook/Library/Import/note/design_pattern/src/大話設計模式/design-patterns-cpp/build/CMakeFiles/CMakeTmp

Run Build Command:"/usr/bin/make" "cmTC_64a5d/fast"
/usr/bin/make -f CMakeFiles/cmTC_64a5d.dir/build.make CMakeFiles/cmTC_64a5d.dir/build
make[1]: Entering directory '/home/shihyu/GitBook/Library/Import/note/design_pattern/src/大話設計模式/design-patterns-cpp/build/CMakeFiles/CMakeTmp'
Building C object CMakeFiles/cmTC_64a5d.dir/CheckFunctionExists.c.o
/usr/bin/cc   -DCHECK_FUNCTION_EXISTS=pthread_create   -o CMakeFiles/cmTC_64a5d.dir/CheckFunctionExists.c.o   -c /home/shihyu/anaconda3/lib/python3.6/site-packages/cmake/data/share/cmake-3.11/Modules/CheckFunctionExists.c
Linking C executable cmTC_64a5d
/home/shihyu/anaconda3/lib/python3.6/site-packages/cmake/data/bin/cmake -E cmake_link_script CMakeFiles/cmTC_64a5d.dir/link.txt --verbose=1
/usr/bin/cc  -DCHECK_FUNCTION_EXISTS=pthread_create    -rdynamic CMakeFiles/cmTC_64a5d.dir/CheckFunctionExists.c.o  -o cmTC_64a5d -lpthreads 
/usr/bin/x86_64-linux-gnu-ld: 找不到 -lpthreads
collect2: error: ld returned 1 exit status
CMakeFiles/cmTC_64a5d.dir/build.make:86: recipe for target 'cmTC_64a5d' failed
make[1]: *** [cmTC_64a5d] Error 1
make[1]: Leaving directory '/home/shihyu/GitBook/Library/Import/note/design_pattern/src/大話設計模式/design-patterns-cpp/build/CMakeFiles/CMakeTmp'
Makefile:126: recipe for target 'cmTC_64a5d/fast' failed
make: *** [cmTC_64a5d/fast] Error 2


