331519500247;;cpu-cycles:u;1.97%;32783532470;15.26;1.543;GHz
71085953916;;instructions:u;1.22%;39750108970;18.50;0.21;insn per cycle
5763505930;;cache-references:u;4.19%;39775922988;18.51;26.828;M/sec
93967384;;cache-misses:u;3.22%;39803055258;18.53;1.630;of all cache refs
17330588968;;branch-instructions:u;0.92%;39829258673;18.54;80.669;M/sec
827455348;;branch-misses:u;3.02%;38855314829;18.09;4.77;of all branches
2358838348;;bus-cycles:u;1.98%;31864232679;14.83;10.980;M/sec
214835.139419;;cpu-clock:u;2.85%;214835136498;100.00;8.000;CPUs utilized
2373;;page-faults:u;22.75%;214835340563;100.00;0.011;K/sec
2370;;minor-faults:u;22.78%;214835364833;100.00;0.011;K/sec
0;;major-faults:u;100.00%;214835343855;100.00;0.000;K/sec
0;;context-switches:u;0.00%;214835285501;100.00;0.000;K/sec
873042662;;mem_inst_retired.lock_loads:u;3.23%;31858382611;14.83;4.064;M/sec
4587893;;mem_inst_retired.split_loads:u;10.60%;31855257817;14.83;0.021;M/sec
1270681;;mem_inst_retired.split_stores:u;4.09%;31851997639;14.83;0.006;M/sec
6894316980;;mem_load_retired.l1_hit:u;2.52%;31849320585;14.83;32.091;M/sec
749261579;;mem_load_retired.l1_miss:u;3.14%;31846391379;14.82;3.488;M/sec
18347014;;mem_load_retired.l2_hit:u;3.82%;31846491580;14.82;0.085;M/sec
729708088;;mem_load_retired.l2_miss:u;3.22%;31846019471;14.82;3.397;M/sec
34730720;;mem_load_retired.l3_hit:u;4.18%;31844765805;14.82;0.162;M/sec
5013256;;mem_load_retired.l3_miss:u;3.22%;31841354388;14.82;0.023;M/sec
427686764;;mem_load_l3_hit_retired.xsnp_hit:u;3.54%;31837081717;14.82;1.991;M/sec
263019101;;mem_load_l3_hit_retired.xsnp_hitm:u;3.88%;31827368147;14.82;1.224;M/sec
58461;;mem_load_l3_hit_retired.xsnp_miss:u;8.42%;31815466278;14.81;0.272;K/sec
34831683;;mem_load_l3_hit_retired.xsnp_none:u;3.69%;31805988272;14.81;0.162;M/sec
756430747;;machine_clears.memory_ordering:u;0.87%;31797570033;14.80;3.521;M/sec
13977246508;;dTLB-loads;1.20%;31794477385;14.80;65.060;M/sec
4335360;;dTLB-load-misses;3.01%;31790690578;14.80;0.03;of all dTLB cache hits
1999713529;;dTLB-stores;4.71%;31787679660;14.80;9.308;M/sec
349450;;dTLB-store-misses;5.91%;31784405793;14.80;0.002;M/sec
6504825;;iTLB-loads;5.42%;31781448515;14.79;0.030;M/sec
3008037;;iTLB-load-misses;3.06%;31775306748;14.79;46.24;of all iTLB cache hits
