336061962202;;cpu-cycles:u;5.91%;30348248673;14.80;1.639;GHz
75527950336;;instructions:u;3.20%;37947459040;18.50;0.22;insn per cycle
4332339989;;cache-references:u;6.96%;37971127965;18.51;21.123;M/sec
101630586;;cache-misses:u;14.95%;37997558184;18.53;2.346;of all cache refs
13638310395;;branch-instructions:u;3.03%;38022281086;18.54;66.496;M/sec
1010070188;;branch-misses:u;9.28%;38037375208;18.55;7.41;of all branches
2394581582;;bus-cycles:u;5.92%;30422983084;14.83;11.675;M/sec
205098.625540;;cpu-clock:u;6.11%;205098625528;100.00;8.000;CPUs utilized
10506;;page-faults:u;37.95%;205098708935;100.00;0.051;K/sec
10502;;minor-faults:u;37.96%;205098731480;100.00;0.051;K/sec
1;;major-faults:u;52.04%;205098719587;100.00;0.000;K/sec
0;;context-switches:u;0.00%;205098694691;100.00;0.000;K/sec
769394052;;mem_inst_retired.lock_loads:u;5.57%;30418126526;14.83;3.751;M/sec
5279699;;mem_inst_retired.split_loads:u;7.28%;30415530375;14.83;0.026;M/sec
2001191;;mem_inst_retired.split_stores:u;14.87%;30411955609;14.83;0.010;M/sec
7517506415;;mem_load_retired.l1_hit:u;2.35%;30412858313;14.83;36.653;M/sec
747982581;;mem_load_retired.l1_miss:u;9.33%;30412157478;14.83;3.647;M/sec
21868141;;mem_load_retired.l2_hit:u;10.95%;30413722514;14.83;0.107;M/sec
727073357;;mem_load_retired.l2_miss:u;9.35%;30412237604;14.83;3.545;M/sec
38332643;;mem_load_retired.l3_hit:u;2.17%;30411270754;14.83;0.187;M/sec
5831192;;mem_load_retired.l3_miss:u;14.26%;30406957823;14.83;0.028;M/sec
411200400;;mem_load_l3_hit_retired.xsnp_hit:u;9.42%;30396331825;14.82;2.005;M/sec
272559745;;mem_load_l3_hit_retired.xsnp_hitm:u;10.43%;30384153395;14.81;1.329;M/sec
81175;;mem_load_l3_hit_retired.xsnp_miss:u;28.04%;30373219405;14.81;0.396;K/sec
38181390;;mem_load_l3_hit_retired.xsnp_none:u;1.81%;30361600066;14.80;0.186;M/sec
666538272;;machine_clears.memory_ordering:u;3.53%;30354590837;14.80;3.250;M/sec
14096079267;;dTLB-loads;2.78%;30348465242;14.80;68.728;M/sec
3636477;;dTLB-load-misses;13.60%;30342166750;14.79;0.03;of all dTLB cache hits
2053668434;;dTLB-stores;6.39%;30339031655;14.79;10.013;M/sec
383312;;dTLB-store-misses;11.99%;30334539746;14.79;0.002;M/sec
6831821;;iTLB-loads;12.50%;30331513911;14.79;0.033;M/sec
2675524;;iTLB-load-misses;16.25%;30326319114;14.79;39.16;of all iTLB cache hits
